;  ASM code generated by mikroVirtualMachine for PIC - V. 7.0.0.3
;  Date/Time: 22/05/2017 10:00:00
;  Info: http://www.mikroelektronika.co.yu


; ADDRESS	OPCODE	ASM
; ----------------------------------------------
$0000	$EF04	F000			GOTO	_main
$0008	$	_main:
;Push.c,1 :: 			void main(){
;Push.c,2 :: 			trisd = 0;
$0008	$6A95	    			CLRF	TRISD, 0
;Push.c,3 :: 			portd = 0;
$000A	$6A83	    			CLRF	PORTD, 0
;Push.c,5 :: 			while(1){
$000C	$	L_main_0:
;Push.c,6 :: 			portd = 255;
$000C	$0EFF	    			MOVLW	255
$000E	$6E83	    			MOVWF	PORTD, 0
;Push.c,7 :: 			delay_ms(1000);
$0010	$0E0B	    			MOVLW	11
$0012	$6E0C	    			MOVWF	STACK_12, 0
$0014	$0EFF	    			MOVLW	255
$0016	$6E0B	    			MOVWF	STACK_11, 0
$0018	$0EFF	    			MOVLW	255
$001A	$6E0A	    			MOVWF	STACK_10, 0
$001C	$2E0C	    			DECFSZ	STACK_12, F, 0
$001E	$D001	    			BRA	$+2
$0020	$D007	    			BRA	$+8
$0022	$2E0B	    			DECFSZ	STACK_11, F, 0
$0024	$D001	    			BRA	$+2
$0026	$D003	    			BRA	$+4
$0028	$2E0A	    			DECFSZ	STACK_10, F, 0
$002A	$D7FE	    			BRA	$-1
$002C	$D7FA	    			BRA	$-5
$002E	$D7F6	    			BRA	$-9
$0030	$0E33	    			MOVLW	51
$0032	$6E0B	    			MOVWF	STACK_11, 0
$0034	$0EFF	    			MOVLW	255
$0036	$6E0A	    			MOVWF	STACK_10, 0
$0038	$2E0B	    			DECFSZ	STACK_11, F, 0
$003A	$D001	    			BRA	$+2
$003C	$D003	    			BRA	$+4
$003E	$2E0A	    			DECFSZ	STACK_10, F, 0
$0040	$D7FE	    			BRA	$-1
$0042	$D7FA	    			BRA	$-5
$0044	$0E88	    			MOVLW	136
$0046	$6E0A	    			MOVWF	STACK_10, 0
$0048	$2E0A	    			DECFSZ	STACK_10, F, 0
$004A	$D7FE	    			BRA	$-1
$004C	$0000	    			NOP
$004E	$0000	    			NOP
;Push.c,8 :: 			portd = 0;
$0050	$6A83	    			CLRF	PORTD, 0
;Push.c,9 :: 			delay_ms(1000);
$0052	$0E0B	    			MOVLW	11
$0054	$6E0C	    			MOVWF	STACK_12, 0
$0056	$0EFF	    			MOVLW	255
$0058	$6E0B	    			MOVWF	STACK_11, 0
$005A	$0EFF	    			MOVLW	255
$005C	$6E0A	    			MOVWF	STACK_10, 0
$005E	$2E0C	    			DECFSZ	STACK_12, F, 0
$0060	$D001	    			BRA	$+2
$0062	$D007	    			BRA	$+8
$0064	$2E0B	    			DECFSZ	STACK_11, F, 0
$0066	$D001	    			BRA	$+2
$0068	$D003	    			BRA	$+4
$006A	$2E0A	    			DECFSZ	STACK_10, F, 0
$006C	$D7FE	    			BRA	$-1
$006E	$D7FA	    			BRA	$-5
$0070	$D7F6	    			BRA	$-9
$0072	$0E33	    			MOVLW	51
$0074	$6E0B	    			MOVWF	STACK_11, 0
$0076	$0EFF	    			MOVLW	255
$0078	$6E0A	    			MOVWF	STACK_10, 0
$007A	$2E0B	    			DECFSZ	STACK_11, F, 0
$007C	$D001	    			BRA	$+2
$007E	$D003	    			BRA	$+4
$0080	$2E0A	    			DECFSZ	STACK_10, F, 0
$0082	$D7FE	    			BRA	$-1
$0084	$D7FA	    			BRA	$-5
$0086	$0E88	    			MOVLW	136
$0088	$6E0A	    			MOVWF	STACK_10, 0
$008A	$2E0A	    			DECFSZ	STACK_10, F, 0
$008C	$D7FE	    			BRA	$-1
$008E	$0000	    			NOP
$0090	$0000	    			NOP
;Push.c,10 :: 			}
$0092	$D7BC	    			BRA	L_main_0
;Push.c,11 :: 			}
$0094	$D7FF	    			BRA	$


//** Procedures locations **
//ADDRESS		PROCEDURE
//----------------------------------------------
$0008		main


//** Labels locations **
//ADDRESS		LABEL
//----------------------------------------------
$0008		_main:
$000C		L_main_0:


//** Variables locations **
//ADDRESS		VARIABLE
//----------------------------------------------
$0000		STACK_0
$0001		STACK_1
$0002		STACK_2
$0003		STACK_3
$0004		STACK_4
$0005		STACK_5
$0006		STACK_6
$0007		STACK_7
$0008		STACK_8
$0009		STACK_9
$000A		STACK_10
$000B		STACK_11
$000C		STACK_12
$000D		STACK_13
$000E		STACK_14
$000F		STACK_15
$0010		STACK_16
$0011		STACK_17
$0012		STACK_18
$0013		STACK_19
$0014		STACK_20
$0F83		PORTD
$0F95		TRISD
$0FD8		STATUS
$0FD9		FSR2L
$0FDA		FSR2H
$0FDB		PLUSW2
$0FDC		PREINC2
$0FDD		POSTDEC2
$0FDE		POSTINC2
$0FDF		INDF2
$0FE0		BSR
$0FE1		FSR1L
$0FE2		FSR1H
$0FE3		PLUSW1
$0FE4		PREINC1
$0FE5		POSTDEC1
$0FE6		POSTINC1
$0FE7		INDF1
$0FE8		WREG
$0FE9		FSR0L
$0FEA		FSR0H
$0FEB		PLUSW0
$0FEC		PREINC0
$0FED		POSTDEC0
$0FEE		POSTINC0
$0FEF		INDF0
$0FF3		PRODL
$0FF4		PRODH
$0FF5		TABLAT
$0FF6		TBLPTRL
$0FF7		TBLPTRH
$0FF8		TBLPTRU
$0FF9		PCL
$0FFA		PCLATH
$0FFB		PCLATU
$0FFD		TOSL
$0FFE		TOSH
$0FFF		TOSU


