;  ASM code generated by mikroVirtualMachine for PIC - V. 7.0.0.3
;  Date/Time: 19/07/2017 09:37:19
;  Info: http://www.mikroelektronika.co.yu


; ADDRESS	OPCODE	ASM
; ----------------------------------------------
$0000	$EF03	F004			GOTO	_main
$0008	$	_Delay_1us:
;Delays.c,13 :: 			void Delay_1us()
;Delays.c,15 :: 			Delay_us(1);
$0008	$0000	    			NOP
$000A	$0000	    			NOP
;Delays.c,16 :: 			}
$000C	$0012	    			RETURN
$000E	$	_Delay_5500us:
;Delays.c,49 :: 			void Delay_5500us()
;Delays.c,51 :: 			Delay_us(5500);
$000E	$0E0F	    			MOVLW	15
$0010	$6E0B	    			MOVWF	STACK_11, 0
$0012	$0EFF	    			MOVLW	255
$0014	$6E0A	    			MOVWF	STACK_10, 0
$0016	$2E0B	    			DECFSZ	STACK_11, F, 0
$0018	$D001	    			BRA	$+2
$001A	$D003	    			BRA	$+4
$001C	$2E0A	    			DECFSZ	STACK_10, F, 0
$001E	$D7FE	    			BRA	$-1
$0020	$D7FA	    			BRA	$-5
$0022	$0E3E	    			MOVLW	62
$0024	$6E0A	    			MOVWF	STACK_10, 0
$0026	$2E0A	    			DECFSZ	STACK_10, F, 0
$0028	$D7FE	    			BRA	$-1
$002A	$0000	    			NOP
;Delays.c,52 :: 			}
$002C	$0012	    			RETURN
$002E	$	_Delay_50us:
;Delays.c,31 :: 			void Delay_50us()
;Delays.c,33 :: 			Delay_us(50);
$002E	$0E21	    			MOVLW	33
$0030	$6E0A	    			MOVWF	STACK_10, 0
$0032	$2E0A	    			DECFSZ	STACK_10, F, 0
$0034	$D7FE	    			BRA	$-1
;Delays.c,34 :: 			}
$0036	$0012	    			RETURN
$0038	$	_Lcd_Custom_Cmd:
$0038	$C015	FFE9			MOVFF	Lcd_Custom_dataport_address, FSR0L
$003C	$C016	FFEA			MOVFF	Lcd_Custom_dataport_address+1, FSR0H
$0040	$C017	FFE1			MOVFF	Lcd_Custom_ctrlport_address, FSR1L
$0044	$C018	FFE2			MOVFF	Lcd_Custom_ctrlport_address+1, FSR1H
$0048	$501A	    			MOVF	Lcd_Custom____mRW, 0, 0
$004A	$1019	    			IORWF	Lcd_Custom____mRS, 0, 0
$004C	$6E00	    			MOVWF	STACK_0, 0
$004E	$501B	    			MOVF	Lcd_Custom____mENABLE, 0, 0
$0050	$1200	    			IORWF	STACK_0, 1, 0
$0052	$1E00	    			COMF	STACK_0, 1, 0
$0054	$5000	    			MOVF	STACK_0, 0, 0
$0056	$16E7	    			ANDWF	INDF1, 1, 0
$0058	$501D	    			MOVF	Lcd_Custom____mDB6, 0, 0
$005A	$101C	    			IORWF	Lcd_Custom____mDB7, 0, 0
$005C	$6E00	    			MOVWF	STACK_0, 0
$005E	$501E	    			MOVF	Lcd_Custom____mDB5, 0, 0
$0060	$1200	    			IORWF	STACK_0, 1, 0
$0062	$501F	    			MOVF	Lcd_Custom____mDB4, 0, 0
$0064	$1200	    			IORWF	STACK_0, 1, 0
$0066	$1E00	    			COMF	STACK_0, 1, 0
$0068	$5000	    			MOVF	STACK_0, 0, 0
$006A	$16EF	    			ANDWF	INDF0, 1, 0
$006C	$AE5E	    			BTFSS	FARG_Lcd_Custom_Cmd+0, 7, 0
$006E	$D002	    			BRA	L_Lcd_Custom_Cmd_0
$0070	$501C	    			MOVF	Lcd_Custom____mDB7, 0, 0
$0072	$12EF	    			IORWF	INDF0, 1, 0
$0074	$	L_Lcd_Custom_Cmd_0:
$0074	$AC5E	    			BTFSS	FARG_Lcd_Custom_Cmd+0, 6, 0
$0076	$D002	    			BRA	L_Lcd_Custom_Cmd_1
$0078	$501D	    			MOVF	Lcd_Custom____mDB6, 0, 0
$007A	$12EF	    			IORWF	INDF0, 1, 0
$007C	$	L_Lcd_Custom_Cmd_1:
$007C	$AA5E	    			BTFSS	FARG_Lcd_Custom_Cmd+0, 5, 0
$007E	$D002	    			BRA	L_Lcd_Custom_Cmd_2
$0080	$501E	    			MOVF	Lcd_Custom____mDB5, 0, 0
$0082	$12EF	    			IORWF	INDF0, 1, 0
$0084	$	L_Lcd_Custom_Cmd_2:
$0084	$A85E	    			BTFSS	FARG_Lcd_Custom_Cmd+0, 4, 0
$0086	$D002	    			BRA	L_Lcd_Custom_Cmd_3
$0088	$501F	    			MOVF	Lcd_Custom____mDB4, 0, 0
$008A	$12EF	    			IORWF	INDF0, 1, 0
$008C	$	L_Lcd_Custom_Cmd_3:
$008C	$5220	    			MOVF	Lcd_Custom_lcdcmd_status, 1, 0
$008E	$E005	    			BZ	L_Lcd_Custom_Cmd_4
$0090	$1C19	    			COMF	Lcd_Custom____mRS, 0, 0
$0092	$6E00	    			MOVWF	STACK_0, 0
$0094	$5000	    			MOVF	STACK_0, 0, 0
$0096	$16E7	    			ANDWF	INDF1, 1, 0
$0098	$D002	    			BRA	L_Lcd_Custom_Cmd_5
$009A	$	L_Lcd_Custom_Cmd_4:
$009A	$5019	    			MOVF	Lcd_Custom____mRS, 0, 0
$009C	$12E7	    			IORWF	INDF1, 1, 0
$009E	$	L_Lcd_Custom_Cmd_5:
$009E	$501B	    			MOVF	Lcd_Custom____mENABLE, 0, 0
$00A0	$12E7	    			IORWF	INDF1, 1, 0
$00A2	$EC04	F000			CALL	_Delay_1us
$00A6	$1C1B	    			COMF	Lcd_Custom____mENABLE, 0, 0
$00A8	$6E00	    			MOVWF	STACK_0, 0
$00AA	$5000	    			MOVF	STACK_0, 0, 0
$00AC	$16E7	    			ANDWF	INDF1, 1, 0
$00AE	$501A	    			MOVF	Lcd_Custom____mRW, 0, 0
$00B0	$1019	    			IORWF	Lcd_Custom____mRS, 0, 0
$00B2	$6E00	    			MOVWF	STACK_0, 0
$00B4	$501B	    			MOVF	Lcd_Custom____mENABLE, 0, 0
$00B6	$1200	    			IORWF	STACK_0, 1, 0
$00B8	$1E00	    			COMF	STACK_0, 1, 0
$00BA	$5000	    			MOVF	STACK_0, 0, 0
$00BC	$16E7	    			ANDWF	INDF1, 1, 0
$00BE	$501D	    			MOVF	Lcd_Custom____mDB6, 0, 0
$00C0	$101C	    			IORWF	Lcd_Custom____mDB7, 0, 0
$00C2	$6E00	    			MOVWF	STACK_0, 0
$00C4	$501E	    			MOVF	Lcd_Custom____mDB5, 0, 0
$00C6	$1200	    			IORWF	STACK_0, 1, 0
$00C8	$501F	    			MOVF	Lcd_Custom____mDB4, 0, 0
$00CA	$1200	    			IORWF	STACK_0, 1, 0
$00CC	$1E00	    			COMF	STACK_0, 1, 0
$00CE	$5000	    			MOVF	STACK_0, 0, 0
$00D0	$16EF	    			ANDWF	INDF0, 1, 0
$00D2	$A65E	    			BTFSS	FARG_Lcd_Custom_Cmd+0, 3, 0
$00D4	$D002	    			BRA	L_Lcd_Custom_Cmd_6
$00D6	$501C	    			MOVF	Lcd_Custom____mDB7, 0, 0
$00D8	$12EF	    			IORWF	INDF0, 1, 0
$00DA	$	L_Lcd_Custom_Cmd_6:
$00DA	$A45E	    			BTFSS	FARG_Lcd_Custom_Cmd+0, 2, 0
$00DC	$D002	    			BRA	L_Lcd_Custom_Cmd_7
$00DE	$501D	    			MOVF	Lcd_Custom____mDB6, 0, 0
$00E0	$12EF	    			IORWF	INDF0, 1, 0
$00E2	$	L_Lcd_Custom_Cmd_7:
$00E2	$A25E	    			BTFSS	FARG_Lcd_Custom_Cmd+0, 1, 0
$00E4	$D002	    			BRA	L_Lcd_Custom_Cmd_8
$00E6	$501E	    			MOVF	Lcd_Custom____mDB5, 0, 0
$00E8	$12EF	    			IORWF	INDF0, 1, 0
$00EA	$	L_Lcd_Custom_Cmd_8:
$00EA	$A05E	    			BTFSS	FARG_Lcd_Custom_Cmd+0, 0, 0
$00EC	$D002	    			BRA	L_Lcd_Custom_Cmd_9
$00EE	$501F	    			MOVF	Lcd_Custom____mDB4, 0, 0
$00F0	$12EF	    			IORWF	INDF0, 1, 0
$00F2	$	L_Lcd_Custom_Cmd_9:
$00F2	$5220	    			MOVF	Lcd_Custom_lcdcmd_status, 1, 0
$00F4	$E005	    			BZ	L_Lcd_Custom_Cmd_10
$00F6	$1C19	    			COMF	Lcd_Custom____mRS, 0, 0
$00F8	$6E00	    			MOVWF	STACK_0, 0
$00FA	$5000	    			MOVF	STACK_0, 0, 0
$00FC	$16E7	    			ANDWF	INDF1, 1, 0
$00FE	$D002	    			BRA	L_Lcd_Custom_Cmd_11
$0100	$	L_Lcd_Custom_Cmd_10:
$0100	$5019	    			MOVF	Lcd_Custom____mRS, 0, 0
$0102	$12E7	    			IORWF	INDF1, 1, 0
$0104	$	L_Lcd_Custom_Cmd_11:
$0104	$501B	    			MOVF	Lcd_Custom____mENABLE, 0, 0
$0106	$12E7	    			IORWF	INDF1, 1, 0
$0108	$EC04	F000			CALL	_Delay_1us
$010C	$1C1B	    			COMF	Lcd_Custom____mENABLE, 0, 0
$010E	$6E00	    			MOVWF	STACK_0, 0
$0110	$5000	    			MOVF	STACK_0, 0, 0
$0112	$16E7	    			ANDWF	INDF1, 1, 0
$0114	$5220	    			MOVF	Lcd_Custom_lcdcmd_status, 1, 0
$0116	$E003	    			BZ	L_Lcd_Custom_Cmd_12
$0118	$EC07	F000			CALL	_Delay_5500us
$011C	$D002	    			BRA	L_Lcd_Custom_Cmd_13
$011E	$	L_Lcd_Custom_Cmd_12:
$011E	$EC17	F000			CALL	_Delay_50us
$0122	$	L_Lcd_Custom_Cmd_13:
$0122	$0012	    			RETURN
$0124	$	_Lcd_Custom_Chr_CP:
$0124	$6A20	    			CLRF	Lcd_Custom_lcdcmd_status, 0
$0126	$C05D	F05E			MOVFF	FARG_Lcd_Custom_Chr_CP+0, FARG_Lcd_Custom_Cmd+0
$012A	$EC1C	F000			CALL	_Lcd_Custom_Cmd
$012E	$0E01	    			MOVLW	1
$0130	$6E20	    			MOVWF	Lcd_Custom_lcdcmd_status, 0
$0132	$0012	    			RETURN
$0134	$	_Lcd_Custom_Out:
$0134	$D00F	    			BRA	L_Lcd_Custom_Out_23
$0136	$	L_Lcd_Custom_Out_25:
$0136	$0E80	    			MOVLW	128
$0138	$6E58	    			MOVWF	FARG_Lcd_Custom_Out+0, 0
$013A	$D019	    			BRA	L_Lcd_Custom_Out_24
$013C	$	L_Lcd_Custom_Out_26:
$013C	$0EC0	    			MOVLW	192
$013E	$6E58	    			MOVWF	FARG_Lcd_Custom_Out+0, 0
$0140	$D016	    			BRA	L_Lcd_Custom_Out_24
$0142	$	L_Lcd_Custom_Out_27:
$0142	$0E94	    			MOVLW	148
$0144	$6E58	    			MOVWF	FARG_Lcd_Custom_Out+0, 0
$0146	$D013	    			BRA	L_Lcd_Custom_Out_24
$0148	$	L_Lcd_Custom_Out_28:
$0148	$0ED4	    			MOVLW	212
$014A	$6E58	    			MOVWF	FARG_Lcd_Custom_Out+0, 0
$014C	$D010	    			BRA	L_Lcd_Custom_Out_24
$014E	$	L_Lcd_Custom_Out_29:
$014E	$0E80	    			MOVLW	128
$0150	$6E58	    			MOVWF	FARG_Lcd_Custom_Out+0, 0
$0152	$D00D	    			BRA	L_Lcd_Custom_Out_24
$0154	$	L_Lcd_Custom_Out_23:
$0154	$5058	    			MOVF	FARG_Lcd_Custom_Out+0, 0, 0
$0156	$0A01	    			XORLW	1
$0158	$E0EE	    			BZ	L_Lcd_Custom_Out_25
$015A	$5058	    			MOVF	FARG_Lcd_Custom_Out+0, 0, 0
$015C	$0A02	    			XORLW	2
$015E	$E0EE	    			BZ	L_Lcd_Custom_Out_26
$0160	$5058	    			MOVF	FARG_Lcd_Custom_Out+0, 0, 0
$0162	$0A03	    			XORLW	3
$0164	$E0EE	    			BZ	L_Lcd_Custom_Out_27
$0166	$5058	    			MOVF	FARG_Lcd_Custom_Out+0, 0, 0
$0168	$0A04	    			XORLW	4
$016A	$E0EE	    			BZ	L_Lcd_Custom_Out_28
$016C	$D7F0	    			BRA	L_Lcd_Custom_Out_29
$016E	$	L_Lcd_Custom_Out_24:
$016E	$0459	    			DECF	FARG_Lcd_Custom_Out+1, 0, 0
$0170	$6E00	    			MOVWF	STACK_0, 0
$0172	$5058	    			MOVF	FARG_Lcd_Custom_Out+0, 0, 0
$0174	$2600	    			ADDWF	STACK_0, 1, 0
$0176	$C000	F058			MOVFF	STACK_0, FARG_Lcd_Custom_Out+0
$017A	$C000	F05E			MOVFF	STACK_0, FARG_Lcd_Custom_Cmd+0
$017E	$EC1C	F000			CALL	_Lcd_Custom_Cmd
$0182	$6A20	    			CLRF	Lcd_Custom_lcdcmd_status, 0
$0184	$6A5C	    			CLRF	Lcd_Custom_Out_i_L0, 0
$0186	$	L_Lcd_Custom_Out_30:
$0186	$505C	    			MOVF	Lcd_Custom_Out_i_L0, 0, 0
$0188	$245A	    			ADDWF	FARG_Lcd_Custom_Out+2, 0, 0
$018A	$6EE9	    			MOVWF	FSR0L, 0
$018C	$0E00	    			MOVLW	0
$018E	$205B	    			ADDWFC	FARG_Lcd_Custom_Out+3, 0, 0
$0190	$6EEA	    			MOVWF	FSR0L+1, 0
$0192	$CFEE	F000			MOVFF	POSTINC0, STACK_0
$0196	$5200	    			MOVF	STACK_0, 1, 0
$0198	$E00C	    			BZ	L_Lcd_Custom_Out_31
$019A	$505C	    			MOVF	Lcd_Custom_Out_i_L0, 0, 0
$019C	$245A	    			ADDWF	FARG_Lcd_Custom_Out+2, 0, 0
$019E	$6EE9	    			MOVWF	FSR0L, 0
$01A0	$0E00	    			MOVLW	0
$01A2	$205B	    			ADDWFC	FARG_Lcd_Custom_Out+3, 0, 0
$01A4	$6EEA	    			MOVWF	FSR0L+1, 0
$01A6	$CFEE	F05D			MOVFF	POSTINC0, FARG_Lcd_Custom_Chr_CP+0
$01AA	$EC92	F000			CALL	_Lcd_Custom_Chr_CP
$01AE	$2A5C	    			INCF	Lcd_Custom_Out_i_L0, 1, 0
$01B0	$D7EA	    			BRA	L_Lcd_Custom_Out_30
$01B2	$	L_Lcd_Custom_Out_31:
$01B2	$0E01	    			MOVLW	1
$01B4	$6E20	    			MOVWF	Lcd_Custom_lcdcmd_status, 0
$01B6	$0012	    			RETURN
$01B8	$	_Eeprom_Read:
$01B8	$9CA6	    			BCF	EECON1, 6, 0
$01BA	$C03E	FFA9			MOVFF	FARG_Eeprom_Read+0, EEADR
$01BE	$9EA6	    			BCF	EECON1, 7, 0
$01C0	$80A6	    			BSF	EECON1, 0, 0
$01C2	$CFA8	F000			MOVFF	EEDATA, STACK_0
$01C6	$0012	    			RETURN
$01C8	$	_mainMenu:
$01C8	$0E31	    			MOVLW	49
$01CA	$6E3E	    			MOVWF	lstr1_eeprom_menu+0, 0
$01CC	$0E2E	    			MOVLW	46
$01CE	$6E3F	    			MOVWF	lstr1_eeprom_menu+1, 0
$01D0	$0E20	    			MOVLW	32
$01D2	$6E40	    			MOVWF	lstr1_eeprom_menu+2, 0
$01D4	$0E52	    			MOVLW	82
$01D6	$6E41	    			MOVWF	lstr1_eeprom_menu+3, 0
$01D8	$0E45	    			MOVLW	69
$01DA	$6E42	    			MOVWF	lstr1_eeprom_menu+4, 0
$01DC	$0E41	    			MOVLW	65
$01DE	$6E43	    			MOVWF	lstr1_eeprom_menu+5, 0
$01E0	$0E44	    			MOVLW	68
$01E2	$6E44	    			MOVWF	lstr1_eeprom_menu+6, 0
$01E4	$0E20	    			MOVLW	32
$01E6	$6E45	    			MOVWF	lstr1_eeprom_menu+7, 0
$01E8	$0E32	    			MOVLW	50
$01EA	$6E46	    			MOVWF	lstr1_eeprom_menu+8, 0
$01EC	$0E2E	    			MOVLW	46
$01EE	$6E47	    			MOVWF	lstr1_eeprom_menu+9, 0
$01F0	$0E57	    			MOVLW	87
$01F2	$6E48	    			MOVWF	lstr1_eeprom_menu+10, 0
$01F4	$0E52	    			MOVLW	82
$01F6	$6E49	    			MOVWF	lstr1_eeprom_menu+11, 0
$01F8	$0E49	    			MOVLW	73
$01FA	$6E4A	    			MOVWF	lstr1_eeprom_menu+12, 0
$01FC	$0E54	    			MOVLW	84
$01FE	$6E4B	    			MOVWF	lstr1_eeprom_menu+13, 0
$0200	$0E45	    			MOVLW	69
$0202	$6E4C	    			MOVWF	lstr1_eeprom_menu+14, 0
$0204	$6A4D	    			CLRF	lstr1_eeprom_menu+15, 0
$0206	$0E33	    			MOVLW	51
$0208	$6E4E	    			MOVWF	lstr2_eeprom_menu+0, 0
$020A	$0E2E	    			MOVLW	46
$020C	$6E4F	    			MOVWF	lstr2_eeprom_menu+1, 0
$020E	$0E20	    			MOVLW	32
$0210	$6E50	    			MOVWF	lstr2_eeprom_menu+2, 0
$0212	$0E44	    			MOVLW	68
$0214	$6E51	    			MOVWF	lstr2_eeprom_menu+3, 0
$0216	$0E45	    			MOVLW	69
$0218	$6E52	    			MOVWF	lstr2_eeprom_menu+4, 0
$021A	$0E4C	    			MOVLW	76
$021C	$6E53	    			MOVWF	lstr2_eeprom_menu+5, 0
$021E	$0E45	    			MOVLW	69
$0220	$6E54	    			MOVWF	lstr2_eeprom_menu+6, 0
$0222	$0E54	    			MOVLW	84
$0224	$6E55	    			MOVWF	lstr2_eeprom_menu+7, 0
$0226	$0E45	    			MOVLW	69
$0228	$6E56	    			MOVWF	lstr2_eeprom_menu+8, 0
$022A	$6A57	    			CLRF	lstr2_eeprom_menu+9, 0
;eeprom_menu.c,1 :: 			void mainMenu (void) {
;eeprom_menu.c,2 :: 			lcd_custom_cmd(lcd_clear);
$022C	$0E01	    			MOVLW	1
$022E	$6E5E	    			MOVWF	FARG_Lcd_Custom_Cmd+0, 0
$0230	$EC1C	F000			CALL	_Lcd_Custom_Cmd
;eeprom_menu.c,3 :: 			lcd_custom_out(1, 1, "1. READ 2.WRITE");
$0234	$0E01	    			MOVLW	1
$0236	$6E58	    			MOVWF	FARG_Lcd_Custom_Out+0, 0
$0238	$0E01	    			MOVLW	1
$023A	$6E59	    			MOVWF	FARG_Lcd_Custom_Out+1, 0
$023C	$0E3E	    			MOVLW	lstr1_eeprom_menu
$023E	$6E5A	    			MOVWF	FARG_Lcd_Custom_Out+2, 0
$0240	$0E00	    			MOVLW	@lstr1_eeprom_menu
$0242	$6E5B	    			MOVWF	FARG_Lcd_Custom_Out+3, 0
$0244	$EC9A	F000			CALL	_Lcd_Custom_Out
;eeprom_menu.c,4 :: 			lcd_custom_out(2, 1, "3. DELETE");
$0248	$0E02	    			MOVLW	2
$024A	$6E58	    			MOVWF	FARG_Lcd_Custom_Out+0, 0
$024C	$0E01	    			MOVLW	1
$024E	$6E59	    			MOVWF	FARG_Lcd_Custom_Out+1, 0
$0250	$0E4E	    			MOVLW	lstr2_eeprom_menu
$0252	$6E5A	    			MOVWF	FARG_Lcd_Custom_Out+2, 0
$0254	$0E00	    			MOVLW	@lstr2_eeprom_menu
$0256	$6E5B	    			MOVWF	FARG_Lcd_Custom_Out+3, 0
$0258	$EC9A	F000			CALL	_Lcd_Custom_Out
;eeprom_menu.c,5 :: 			}
$025C	$0012	    			RETURN
$025E	$	_Eeprom_Write:
$025E	$9CA6	    			BCF	EECON1, 6, 0
$0260	$	L_Eeprom_Write_0:
$0260	$A2A6	    			BTFSS	EECON1, 1, 0
$0262	$D002	    			BRA	L_Eeprom_Write_1
$0264	$0000	    			NOP
$0266	$D7FC	    			BRA	L_Eeprom_Write_0
$0268	$	L_Eeprom_Write_1:
$0268	$C03E	FFA9			MOVFF	FARG_Eeprom_Write+0, EEADR
$026C	$C03F	FFA8			MOVFF	FARG_Eeprom_Write+1, EEDATA
$0270	$9EA6	    			BCF	EECON1, 7, 0
$0272	$84A6	    			BSF	EECON1, 2, 0
$0274	$9EF2	    			BCF	INTCON, 7, 0
$0276	$0E55	    			MOVLW	85
$0278	$6EA7	    			MOVWF	EECON2, 0
$027A	$0EAA	    			MOVLW	170
$027C	$6EA7	    			MOVWF	EECON2, 0
$027E	$82A6	    			BSF	EECON1, 1, 0
$0280	$8EF2	    			BSF	INTCON, 7, 0
$0282	$94A6	    			BCF	EECON1, 2, 0
$0284	$0012	    			RETURN
$0286	$	_Lcd_Custom_Config:
$0286	$EC07	F000			CALL	_Delay_5500us
$028A	$EC07	F000			CALL	_Delay_5500us
$028E	$EC07	F000			CALL	_Delay_5500us
$0292	$C023	F000			MOVFF	FARG_Lcd_Custom_Config+2, STACK_0
$0296	$0E01	    			MOVLW	1
$0298	$6E02	    			MOVWF	STACK_2, 0
$029A	$5000	    			MOVF	STACK_0, 0, 0
$029C	$	L_Lcd_Custom_Config_32:
$029C	$E004	    			BZ	L_Lcd_Custom_Config_33
$029E	$3602	    			RLCF	STACK_2, 1, 0
$02A0	$9002	    			BCF	STACK_2, 0, 0
$02A2	$0FFF	    			ADDLW	255
$02A4	$D7FB	    			BRA	L_Lcd_Custom_Config_32
$02A6	$	L_Lcd_Custom_Config_33:
$02A6	$C002	F01C			MOVFF	STACK_2, Lcd_Custom____mDB7
$02AA	$C024	F000			MOVFF	FARG_Lcd_Custom_Config+3, STACK_0
$02AE	$0E01	    			MOVLW	1
$02B0	$6E01	    			MOVWF	STACK_1, 0
$02B2	$5000	    			MOVF	STACK_0, 0, 0
$02B4	$	L_Lcd_Custom_Config_34:
$02B4	$E004	    			BZ	L_Lcd_Custom_Config_35
$02B6	$3601	    			RLCF	STACK_1, 1, 0
$02B8	$9001	    			BCF	STACK_1, 0, 0
$02BA	$0FFF	    			ADDLW	255
$02BC	$D7FB	    			BRA	L_Lcd_Custom_Config_34
$02BE	$	L_Lcd_Custom_Config_35:
$02BE	$C001	F01D			MOVFF	STACK_1, Lcd_Custom____mDB6
$02C2	$C025	F000			MOVFF	FARG_Lcd_Custom_Config+4, STACK_0
$02C6	$0E01	    			MOVLW	1
$02C8	$6E07	    			MOVWF	STACK_7, 0
$02CA	$5000	    			MOVF	STACK_0, 0, 0
$02CC	$	L_Lcd_Custom_Config_36:
$02CC	$E004	    			BZ	L_Lcd_Custom_Config_37
$02CE	$3607	    			RLCF	STACK_7, 1, 0
$02D0	$9007	    			BCF	STACK_7, 0, 0
$02D2	$0FFF	    			ADDLW	255
$02D4	$D7FB	    			BRA	L_Lcd_Custom_Config_36
$02D6	$	L_Lcd_Custom_Config_37:
$02D6	$C007	F01E			MOVFF	STACK_7, Lcd_Custom____mDB5
$02DA	$C026	F000			MOVFF	FARG_Lcd_Custom_Config+5, STACK_0
$02DE	$0E01	    			MOVLW	1
$02E0	$6E06	    			MOVWF	STACK_6, 0
$02E2	$5000	    			MOVF	STACK_0, 0, 0
$02E4	$	L_Lcd_Custom_Config_38:
$02E4	$E004	    			BZ	L_Lcd_Custom_Config_39
$02E6	$3606	    			RLCF	STACK_6, 1, 0
$02E8	$9006	    			BCF	STACK_6, 0, 0
$02EA	$0FFF	    			ADDLW	255
$02EC	$D7FB	    			BRA	L_Lcd_Custom_Config_38
$02EE	$	L_Lcd_Custom_Config_39:
$02EE	$C006	F01F			MOVFF	STACK_6, Lcd_Custom____mDB4
$02F2	$C029	F000			MOVFF	FARG_Lcd_Custom_Config+8, STACK_0
$02F6	$0E01	    			MOVLW	1
$02F8	$6E05	    			MOVWF	STACK_5, 0
$02FA	$5000	    			MOVF	STACK_0, 0, 0
$02FC	$	L_Lcd_Custom_Config_40:
$02FC	$E004	    			BZ	L_Lcd_Custom_Config_41
$02FE	$3605	    			RLCF	STACK_5, 1, 0
$0300	$9005	    			BCF	STACK_5, 0, 0
$0302	$0FFF	    			ADDLW	255
$0304	$D7FB	    			BRA	L_Lcd_Custom_Config_40
$0306	$	L_Lcd_Custom_Config_41:
$0306	$C005	F019			MOVFF	STACK_5, Lcd_Custom____mRS
$030A	$C02A	F000			MOVFF	FARG_Lcd_Custom_Config+9, STACK_0
$030E	$0E01	    			MOVLW	1
$0310	$6E04	    			MOVWF	STACK_4, 0
$0312	$5000	    			MOVF	STACK_0, 0, 0
$0314	$	L_Lcd_Custom_Config_42:
$0314	$E004	    			BZ	L_Lcd_Custom_Config_43
$0316	$3604	    			RLCF	STACK_4, 1, 0
$0318	$9004	    			BCF	STACK_4, 0, 0
$031A	$0FFF	    			ADDLW	255
$031C	$D7FB	    			BRA	L_Lcd_Custom_Config_42
$031E	$	L_Lcd_Custom_Config_43:
$031E	$C004	F01A			MOVFF	STACK_4, Lcd_Custom____mRW
$0322	$C02B	F000			MOVFF	FARG_Lcd_Custom_Config+10, STACK_0
$0326	$0E01	    			MOVLW	1
$0328	$6E03	    			MOVWF	STACK_3, 0
$032A	$5000	    			MOVF	STACK_0, 0, 0
$032C	$	L_Lcd_Custom_Config_44:
$032C	$E004	    			BZ	L_Lcd_Custom_Config_45
$032E	$3603	    			RLCF	STACK_3, 1, 0
$0330	$9003	    			BCF	STACK_3, 0, 0
$0332	$0FFF	    			ADDLW	255
$0334	$D7FB	    			BRA	L_Lcd_Custom_Config_44
$0336	$	L_Lcd_Custom_Config_45:
$0336	$C003	F01B			MOVFF	STACK_3, Lcd_Custom____mENABLE
$033A	$C021	F015			MOVFF	FARG_Lcd_Custom_Config+0, Lcd_Custom_dataport_address
$033E	$C022	F016			MOVFF	FARG_Lcd_Custom_Config+1, Lcd_Custom_dataport_address+1
$0342	$C027	F017			MOVFF	FARG_Lcd_Custom_Config+6, Lcd_Custom_ctrlport_address
$0346	$C028	F018			MOVFF	FARG_Lcd_Custom_Config+7, Lcd_Custom_ctrlport_address+1
$034A	$C015	FFE9			MOVFF	Lcd_Custom_dataport_address, FSR0L
$034E	$C016	FFEA			MOVFF	Lcd_Custom_dataport_address+1, FSR0H
$0352	$C017	FFE1			MOVFF	Lcd_Custom_ctrlport_address, FSR1L
$0356	$C018	FFE2			MOVFF	Lcd_Custom_ctrlport_address+1, FSR1H
$035A	$5001	    			MOVF	STACK_1, 0, 0
$035C	$1002	    			IORWF	STACK_2, 0, 0
$035E	$6E00	    			MOVWF	STACK_0, 0
$0360	$5007	    			MOVF	STACK_7, 0, 0
$0362	$1200	    			IORWF	STACK_0, 1, 0
$0364	$5006	    			MOVF	STACK_6, 0, 0
$0366	$1000	    			IORWF	STACK_0, 0, 0
$0368	$6E02	    			MOVWF	STACK_2, 0
$036A	$1C02	    			COMF	STACK_2, 0, 0
$036C	$6E00	    			MOVWF	STACK_0, 0
$036E	$5000	    			MOVF	STACK_0, 0, 0
$0370	$16EF	    			ANDWF	INDF0, 1, 0
$0372	$0E12	    			MOVLW	18
$0374	$2415	    			ADDWF	Lcd_Custom_dataport_address, 0, 0
$0376	$6E01	    			MOVWF	STACK_1, 0
$0378	$C001	FFE9			MOVFF	STACK_1, FSR0L
$037C	$C002	F000			MOVFF	STACK_2, STACK_0
$0380	$1E00	    			COMF	STACK_0, 1, 0
$0382	$5000	    			MOVF	STACK_0, 0, 0
$0384	$16EF	    			ANDWF	INDF0, 1, 0
$0386	$0E12	    			MOVLW	18
$0388	$5C01	    			SUBWF	STACK_1, 0, 0
$038A	$6EE9	    			MOVWF	FSR0L, 0
$038C	$5004	    			MOVF	STACK_4, 0, 0
$038E	$1005	    			IORWF	STACK_5, 0, 0
$0390	$6E00	    			MOVWF	STACK_0, 0
$0392	$5003	    			MOVF	STACK_3, 0, 0
$0394	$1200	    			IORWF	STACK_0, 1, 0
$0396	$1E00	    			COMF	STACK_0, 1, 0
$0398	$5000	    			MOVF	STACK_0, 0, 0
$039A	$16E7	    			ANDWF	INDF1, 1, 0
$039C	$0E12	    			MOVLW	18
$039E	$2417	    			ADDWF	Lcd_Custom_ctrlport_address, 0, 0
$03A0	$6E01	    			MOVWF	STACK_1, 0
$03A2	$C001	FFE1			MOVFF	STACK_1, FSR1L
$03A6	$5000	    			MOVF	STACK_0, 0, 0
$03A8	$16E7	    			ANDWF	INDF1, 1, 0
$03AA	$0E12	    			MOVLW	18
$03AC	$5C01	    			SUBWF	STACK_1, 0, 0
$03AE	$6EE1	    			MOVWF	FSR1L, 0
$03B0	$5006	    			MOVF	STACK_6, 0, 0
$03B2	$1007	    			IORWF	STACK_7, 0, 0
$03B4	$6E00	    			MOVWF	STACK_0, 0
$03B6	$5000	    			MOVF	STACK_0, 0, 0
$03B8	$12EF	    			IORWF	INDF0, 1, 0
$03BA	$5003	    			MOVF	STACK_3, 0, 0
$03BC	$12E7	    			IORWF	INDF1, 1, 0
$03BE	$1C03	    			COMF	STACK_3, 0, 0
$03C0	$6E00	    			MOVWF	STACK_0, 0
$03C2	$5000	    			MOVF	STACK_0, 0, 0
$03C4	$16E7	    			ANDWF	INDF1, 1, 0
$03C6	$EC07	F000			CALL	_Delay_5500us
$03CA	$501B	    			MOVF	Lcd_Custom____mENABLE, 0, 0
$03CC	$12E7	    			IORWF	INDF1, 1, 0
$03CE	$1C1B	    			COMF	Lcd_Custom____mENABLE, 0, 0
$03D0	$6E00	    			MOVWF	STACK_0, 0
$03D2	$5000	    			MOVF	STACK_0, 0, 0
$03D4	$16E7	    			ANDWF	INDF1, 1, 0
$03D6	$EC07	F000			CALL	_Delay_5500us
$03DA	$501B	    			MOVF	Lcd_Custom____mENABLE, 0, 0
$03DC	$12E7	    			IORWF	INDF1, 1, 0
$03DE	$1C1B	    			COMF	Lcd_Custom____mENABLE, 0, 0
$03E0	$6E00	    			MOVWF	STACK_0, 0
$03E2	$5000	    			MOVF	STACK_0, 0, 0
$03E4	$16E7	    			ANDWF	INDF1, 1, 0
$03E6	$EC07	F000			CALL	_Delay_5500us
$03EA	$501E	    			MOVF	Lcd_Custom____mDB5, 0, 0
$03EC	$12EF	    			IORWF	INDF0, 1, 0
$03EE	$1C1F	    			COMF	Lcd_Custom____mDB4, 0, 0
$03F0	$6E00	    			MOVWF	STACK_0, 0
$03F2	$5000	    			MOVF	STACK_0, 0, 0
$03F4	$16EF	    			ANDWF	INDF0, 1, 0
$03F6	$501B	    			MOVF	Lcd_Custom____mENABLE, 0, 0
$03F8	$12E7	    			IORWF	INDF1, 1, 0
$03FA	$1C1B	    			COMF	Lcd_Custom____mENABLE, 0, 0
$03FC	$6E00	    			MOVWF	STACK_0, 0
$03FE	$5000	    			MOVF	STACK_0, 0, 0
$0400	$16E7	    			ANDWF	INDF1, 1, 0
$0402	$EC07	F000			CALL	_Delay_5500us
$0406	$501B	    			MOVF	Lcd_Custom____mENABLE, 0, 0
$0408	$12E7	    			IORWF	INDF1, 1, 0
$040A	$1C1B	    			COMF	Lcd_Custom____mENABLE, 0, 0
$040C	$6E01	    			MOVWF	STACK_1, 0
$040E	$5001	    			MOVF	STACK_1, 0, 0
$0410	$16E7	    			ANDWF	INDF1, 1, 0
$0412	$1C1E	    			COMF	Lcd_Custom____mDB5, 0, 0
$0414	$6E00	    			MOVWF	STACK_0, 0
$0416	$5000	    			MOVF	STACK_0, 0, 0
$0418	$16EF	    			ANDWF	INDF0, 1, 0
$041A	$501C	    			MOVF	Lcd_Custom____mDB7, 0, 0
$041C	$12EF	    			IORWF	INDF0, 1, 0
$041E	$501B	    			MOVF	Lcd_Custom____mENABLE, 0, 0
$0420	$12E7	    			IORWF	INDF1, 1, 0
$0422	$5001	    			MOVF	STACK_1, 0, 0
$0424	$16E7	    			ANDWF	INDF1, 1, 0
$0426	$EC07	F000			CALL	_Delay_5500us
$042A	$1C1C	    			COMF	Lcd_Custom____mDB7, 0, 0
$042C	$6E00	    			MOVWF	STACK_0, 0
$042E	$5000	    			MOVF	STACK_0, 0, 0
$0430	$16EF	    			ANDWF	INDF0, 1, 0
$0432	$501F	    			MOVF	Lcd_Custom____mDB4, 0, 0
$0434	$12EF	    			IORWF	INDF0, 1, 0
$0436	$501B	    			MOVF	Lcd_Custom____mENABLE, 0, 0
$0438	$12E7	    			IORWF	INDF1, 1, 0
$043A	$1C1B	    			COMF	Lcd_Custom____mENABLE, 0, 0
$043C	$6E01	    			MOVWF	STACK_1, 0
$043E	$5001	    			MOVF	STACK_1, 0, 0
$0440	$16E7	    			ANDWF	INDF1, 1, 0
$0442	$1C1F	    			COMF	Lcd_Custom____mDB4, 0, 0
$0444	$6E00	    			MOVWF	STACK_0, 0
$0446	$5000	    			MOVF	STACK_0, 0, 0
$0448	$16EF	    			ANDWF	INDF0, 1, 0
$044A	$501B	    			MOVF	Lcd_Custom____mENABLE, 0, 0
$044C	$12E7	    			IORWF	INDF1, 1, 0
$044E	$5001	    			MOVF	STACK_1, 0, 0
$0450	$16E7	    			ANDWF	INDF1, 1, 0
$0452	$EC07	F000			CALL	_Delay_5500us
$0456	$501B	    			MOVF	Lcd_Custom____mENABLE, 0, 0
$0458	$12E7	    			IORWF	INDF1, 1, 0
$045A	$1C1B	    			COMF	Lcd_Custom____mENABLE, 0, 0
$045C	$6E00	    			MOVWF	STACK_0, 0
$045E	$5000	    			MOVF	STACK_0, 0, 0
$0460	$16E7	    			ANDWF	INDF1, 1, 0
$0462	$501F	    			MOVF	Lcd_Custom____mDB4, 0, 0
$0464	$12EF	    			IORWF	INDF0, 1, 0
$0466	$501B	    			MOVF	Lcd_Custom____mENABLE, 0, 0
$0468	$12E7	    			IORWF	INDF1, 1, 0
$046A	$5000	    			MOVF	STACK_0, 0, 0
$046C	$16E7	    			ANDWF	INDF1, 1, 0
$046E	$EC07	F000			CALL	_Delay_5500us
$0472	$1C1F	    			COMF	Lcd_Custom____mDB4, 0, 0
$0474	$6E00	    			MOVWF	STACK_0, 0
$0476	$5000	    			MOVF	STACK_0, 0, 0
$0478	$16EF	    			ANDWF	INDF0, 1, 0
$047A	$501B	    			MOVF	Lcd_Custom____mENABLE, 0, 0
$047C	$12E7	    			IORWF	INDF1, 1, 0
$047E	$1C1B	    			COMF	Lcd_Custom____mENABLE, 0, 0
$0480	$6E01	    			MOVWF	STACK_1, 0
$0482	$5001	    			MOVF	STACK_1, 0, 0
$0484	$16E7	    			ANDWF	INDF1, 1, 0
$0486	$501E	    			MOVF	Lcd_Custom____mDB5, 0, 0
$0488	$101F	    			IORWF	Lcd_Custom____mDB4, 0, 0
$048A	$6E00	    			MOVWF	STACK_0, 0
$048C	$501D	    			MOVF	Lcd_Custom____mDB6, 0, 0
$048E	$1200	    			IORWF	STACK_0, 1, 0
$0490	$501C	    			MOVF	Lcd_Custom____mDB7, 0, 0
$0492	$1200	    			IORWF	STACK_0, 1, 0
$0494	$5000	    			MOVF	STACK_0, 0, 0
$0496	$12EF	    			IORWF	INDF0, 1, 0
$0498	$501B	    			MOVF	Lcd_Custom____mENABLE, 0, 0
$049A	$12E7	    			IORWF	INDF1, 1, 0
$049C	$5001	    			MOVF	STACK_1, 0, 0
$049E	$16E7	    			ANDWF	INDF1, 1, 0
$04A0	$EC07	F000			CALL	_Delay_5500us
$04A4	$0E01	    			MOVLW	1
$04A6	$6E20	    			MOVWF	Lcd_Custom_lcdcmd_status, 0
$04A8	$0012	    			RETURN
$04AA	$	_reading:
$04AA	$0E52	    			MOVLW	82
$04AC	$6E21	    			MOVWF	lstr3_eeprom_menu+0, 0
$04AE	$0E45	    			MOVLW	69
$04B0	$6E22	    			MOVWF	lstr3_eeprom_menu+1, 0
$04B2	$0E41	    			MOVLW	65
$04B4	$6E23	    			MOVWF	lstr3_eeprom_menu+2, 0
$04B6	$0E44	    			MOVLW	68
$04B8	$6E24	    			MOVWF	lstr3_eeprom_menu+3, 0
$04BA	$0E49	    			MOVLW	73
$04BC	$6E25	    			MOVWF	lstr3_eeprom_menu+4, 0
$04BE	$0E4E	    			MOVLW	78
$04C0	$6E26	    			MOVWF	lstr3_eeprom_menu+5, 0
$04C2	$0E47	    			MOVLW	71
$04C4	$6E27	    			MOVWF	lstr3_eeprom_menu+6, 0
$04C6	$0E20	    			MOVLW	32
$04C8	$6E28	    			MOVWF	lstr3_eeprom_menu+7, 0
$04CA	$0E45	    			MOVLW	69
$04CC	$6E29	    			MOVWF	lstr3_eeprom_menu+8, 0
$04CE	$0E45	    			MOVLW	69
$04D0	$6E2A	    			MOVWF	lstr3_eeprom_menu+9, 0
$04D2	$0E50	    			MOVLW	80
$04D4	$6E2B	    			MOVWF	lstr3_eeprom_menu+10, 0
$04D6	$0E52	    			MOVLW	82
$04D8	$6E2C	    			MOVWF	lstr3_eeprom_menu+11, 0
$04DA	$0E4F	    			MOVLW	79
$04DC	$6E2D	    			MOVWF	lstr3_eeprom_menu+12, 0
$04DE	$0E4D	    			MOVLW	77
$04E0	$6E2E	    			MOVWF	lstr3_eeprom_menu+13, 0
$04E2	$6A2F	    			CLRF	lstr3_eeprom_menu+14, 0
;eeprom_menu.c,7 :: 			void reading (void) {
;eeprom_menu.c,8 :: 			lcd_custom_cmd(lcd_clear);
$04E4	$0E01	    			MOVLW	1
$04E6	$6E5E	    			MOVWF	FARG_Lcd_Custom_Cmd+0, 0
$04E8	$EC1C	F000			CALL	_Lcd_Custom_Cmd
;eeprom_menu.c,9 :: 			lcd_custom_out(1, 1, "READING EEPROM");
$04EC	$0E01	    			MOVLW	1
$04EE	$6E58	    			MOVWF	FARG_Lcd_Custom_Out+0, 0
$04F0	$0E01	    			MOVLW	1
$04F2	$6E59	    			MOVWF	FARG_Lcd_Custom_Out+1, 0
$04F4	$0E21	    			MOVLW	lstr3_eeprom_menu
$04F6	$6E5A	    			MOVWF	FARG_Lcd_Custom_Out+2, 0
$04F8	$0E00	    			MOVLW	@lstr3_eeprom_menu
$04FA	$6E5B	    			MOVWF	FARG_Lcd_Custom_Out+3, 0
$04FC	$EC9A	F000			CALL	_Lcd_Custom_Out
;eeprom_menu.c,10 :: 			delay_ms(1000);
$0500	$0E0B	    			MOVLW	11
$0502	$6E0C	    			MOVWF	STACK_12, 0
$0504	$0EFF	    			MOVLW	255
$0506	$6E0B	    			MOVWF	STACK_11, 0
$0508	$0EFF	    			MOVLW	255
$050A	$6E0A	    			MOVWF	STACK_10, 0
$050C	$2E0C	    			DECFSZ	STACK_12, F, 0
$050E	$D001	    			BRA	$+2
$0510	$D007	    			BRA	$+8
$0512	$2E0B	    			DECFSZ	STACK_11, F, 0
$0514	$D001	    			BRA	$+2
$0516	$D003	    			BRA	$+4
$0518	$2E0A	    			DECFSZ	STACK_10, F, 0
$051A	$D7FE	    			BRA	$-1
$051C	$D7FA	    			BRA	$-5
$051E	$D7F6	    			BRA	$-9
$0520	$0E33	    			MOVLW	51
$0522	$6E0B	    			MOVWF	STACK_11, 0
$0524	$0EFF	    			MOVLW	255
$0526	$6E0A	    			MOVWF	STACK_10, 0
$0528	$2E0B	    			DECFSZ	STACK_11, F, 0
$052A	$D001	    			BRA	$+2
$052C	$D003	    			BRA	$+4
$052E	$2E0A	    			DECFSZ	STACK_10, F, 0
$0530	$D7FE	    			BRA	$-1
$0532	$D7FA	    			BRA	$-5
$0534	$0E88	    			MOVLW	136
$0536	$6E0A	    			MOVWF	STACK_10, 0
$0538	$2E0A	    			DECFSZ	STACK_10, F, 0
$053A	$D7FE	    			BRA	$-1
$053C	$0000	    			NOP
$053E	$0000	    			NOP
;eeprom_menu.c,11 :: 			lcd_custom_cmd(lcd_clear);
$0540	$0E01	    			MOVLW	1
$0542	$6E5E	    			MOVWF	FARG_Lcd_Custom_Cmd+0, 0
$0544	$EC1C	F000			CALL	_Lcd_Custom_Cmd
;eeprom_menu.c,12 :: 			lcd_custom_out(1, 1, eeprom_read(0x69));
$0548	$0E69	    			MOVLW	105
$054A	$6E3E	    			MOVWF	FARG_Eeprom_Read+0, 0
$054C	$ECDC	F000			CALL	_Eeprom_Read
$0550	$C000	F05A			MOVFF	STACK_0, FARG_Lcd_Custom_Out+2
$0554	$0E00	    			MOVLW	0
$0556	$6E5B	    			MOVWF	FARG_Lcd_Custom_Out+3, 0
$0558	$0E01	    			MOVLW	1
$055A	$6E58	    			MOVWF	FARG_Lcd_Custom_Out+0, 0
$055C	$0E01	    			MOVLW	1
$055E	$6E59	    			MOVWF	FARG_Lcd_Custom_Out+1, 0
$0560	$EC9A	F000			CALL	_Lcd_Custom_Out
;eeprom_menu.c,13 :: 			delay_ms(2000);
$0564	$0E15	    			MOVLW	21
$0566	$6E0C	    			MOVWF	STACK_12, 0
$0568	$0EFF	    			MOVLW	255
$056A	$6E0B	    			MOVWF	STACK_11, 0
$056C	$0EFF	    			MOVLW	255
$056E	$6E0A	    			MOVWF	STACK_10, 0
$0570	$2E0C	    			DECFSZ	STACK_12, F, 0
$0572	$D001	    			BRA	$+2
$0574	$D007	    			BRA	$+8
$0576	$2E0B	    			DECFSZ	STACK_11, F, 0
$0578	$D001	    			BRA	$+2
$057A	$D003	    			BRA	$+4
$057C	$2E0A	    			DECFSZ	STACK_10, F, 0
$057E	$D7FE	    			BRA	$-1
$0580	$D7FA	    			BRA	$-5
$0582	$D7F6	    			BRA	$-9
$0584	$0E66	    			MOVLW	102
$0586	$6E0B	    			MOVWF	STACK_11, 0
$0588	$0EFF	    			MOVLW	255
$058A	$6E0A	    			MOVWF	STACK_10, 0
$058C	$2E0B	    			DECFSZ	STACK_11, F, 0
$058E	$D001	    			BRA	$+2
$0590	$D003	    			BRA	$+4
$0592	$2E0A	    			DECFSZ	STACK_10, F, 0
$0594	$D7FE	    			BRA	$-1
$0596	$D7FA	    			BRA	$-5
$0598	$0E13	    			MOVLW	19
$059A	$6E0A	    			MOVWF	STACK_10, 0
$059C	$2E0A	    			DECFSZ	STACK_10, F, 0
$059E	$D7FE	    			BRA	$-1
;eeprom_menu.c,14 :: 			mainMenu();
$05A0	$ECE4	F000			CALL	_mainMenu
;eeprom_menu.c,15 :: 			}
$05A4	$0012	    			RETURN
$05A6	$	_writing:
$05A6	$0E57	    			MOVLW	87
$05A8	$6E21	    			MOVWF	lstr4_eeprom_menu+0, 0
$05AA	$0E52	    			MOVLW	82
$05AC	$6E22	    			MOVWF	lstr4_eeprom_menu+1, 0
$05AE	$0E49	    			MOVLW	73
$05B0	$6E23	    			MOVWF	lstr4_eeprom_menu+2, 0
$05B2	$0E54	    			MOVLW	84
$05B4	$6E24	    			MOVWF	lstr4_eeprom_menu+3, 0
$05B6	$0E49	    			MOVLW	73
$05B8	$6E25	    			MOVWF	lstr4_eeprom_menu+4, 0
$05BA	$0E4E	    			MOVLW	78
$05BC	$6E26	    			MOVWF	lstr4_eeprom_menu+5, 0
$05BE	$0E47	    			MOVLW	71
$05C0	$6E27	    			MOVWF	lstr4_eeprom_menu+6, 0
$05C2	$0E20	    			MOVLW	32
$05C4	$6E28	    			MOVWF	lstr4_eeprom_menu+7, 0
$05C6	$0E45	    			MOVLW	69
$05C8	$6E29	    			MOVWF	lstr4_eeprom_menu+8, 0
$05CA	$0E45	    			MOVLW	69
$05CC	$6E2A	    			MOVWF	lstr4_eeprom_menu+9, 0
$05CE	$0E50	    			MOVLW	80
$05D0	$6E2B	    			MOVWF	lstr4_eeprom_menu+10, 0
$05D2	$0E52	    			MOVLW	82
$05D4	$6E2C	    			MOVWF	lstr4_eeprom_menu+11, 0
$05D6	$0E4F	    			MOVLW	79
$05D8	$6E2D	    			MOVWF	lstr4_eeprom_menu+12, 0
$05DA	$0E4D	    			MOVLW	77
$05DC	$6E2E	    			MOVWF	lstr4_eeprom_menu+13, 0
$05DE	$6A2F	    			CLRF	lstr4_eeprom_menu+14, 0
$05E0	$0E41	    			MOVLW	65
$05E2	$6E30	    			MOVWF	lstr5_eeprom_menu+0, 0
$05E4	$0E4C	    			MOVLW	76
$05E6	$6E31	    			MOVWF	lstr5_eeprom_menu+1, 0
$05E8	$0E47	    			MOVLW	71
$05EA	$6E32	    			MOVWF	lstr5_eeprom_menu+2, 0
$05EC	$0E4F	    			MOVLW	79
$05EE	$6E33	    			MOVWF	lstr5_eeprom_menu+3, 0
$05F0	$6A34	    			CLRF	lstr5_eeprom_menu+4, 0
$05F2	$0E57	    			MOVLW	87
$05F4	$6E35	    			MOVWF	lstr6_eeprom_menu+0, 0
$05F6	$0E52	    			MOVLW	82
$05F8	$6E36	    			MOVWF	lstr6_eeprom_menu+1, 0
$05FA	$0E4F	    			MOVLW	79
$05FC	$6E37	    			MOVWF	lstr6_eeprom_menu+2, 0
$05FE	$0E54	    			MOVLW	84
$0600	$6E38	    			MOVWF	lstr6_eeprom_menu+3, 0
$0602	$0E45	    			MOVLW	69
$0604	$6E39	    			MOVWF	lstr6_eeprom_menu+4, 0
$0606	$6A3A	    			CLRF	lstr6_eeprom_menu+5, 0
;eeprom_menu.c,16 :: 			void writing (void) {
;eeprom_menu.c,17 :: 			lcd_custom_cmd(lcd_clear);
$0608	$0E01	    			MOVLW	1
$060A	$6E5E	    			MOVWF	FARG_Lcd_Custom_Cmd+0, 0
$060C	$EC1C	F000			CALL	_Lcd_Custom_Cmd
;eeprom_menu.c,18 :: 			lcd_custom_out(1, 1, "WRITING EEPROM");
$0610	$0E01	    			MOVLW	1
$0612	$6E58	    			MOVWF	FARG_Lcd_Custom_Out+0, 0
$0614	$0E01	    			MOVLW	1
$0616	$6E59	    			MOVWF	FARG_Lcd_Custom_Out+1, 0
$0618	$0E21	    			MOVLW	lstr4_eeprom_menu
$061A	$6E5A	    			MOVWF	FARG_Lcd_Custom_Out+2, 0
$061C	$0E00	    			MOVLW	@lstr4_eeprom_menu
$061E	$6E5B	    			MOVWF	FARG_Lcd_Custom_Out+3, 0
$0620	$EC9A	F000			CALL	_Lcd_Custom_Out
;eeprom_menu.c,19 :: 			eeprom_write(0x69, "ALGO");
$0624	$0E69	    			MOVLW	105
$0626	$6E3E	    			MOVWF	FARG_Eeprom_Write+0, 0
$0628	$0E30	    			MOVLW	lstr5_eeprom_menu
$062A	$6E3F	    			MOVWF	FARG_Eeprom_Write+1, 0
$062C	$EC2F	F001			CALL	_Eeprom_Write
;eeprom_menu.c,20 :: 			delay_ms(1000);
$0630	$0E0B	    			MOVLW	11
$0632	$6E0C	    			MOVWF	STACK_12, 0
$0634	$0EFF	    			MOVLW	255
$0636	$6E0B	    			MOVWF	STACK_11, 0
$0638	$0EFF	    			MOVLW	255
$063A	$6E0A	    			MOVWF	STACK_10, 0
$063C	$2E0C	    			DECFSZ	STACK_12, F, 0
$063E	$D001	    			BRA	$+2
$0640	$D007	    			BRA	$+8
$0642	$2E0B	    			DECFSZ	STACK_11, F, 0
$0644	$D001	    			BRA	$+2
$0646	$D003	    			BRA	$+4
$0648	$2E0A	    			DECFSZ	STACK_10, F, 0
$064A	$D7FE	    			BRA	$-1
$064C	$D7FA	    			BRA	$-5
$064E	$D7F6	    			BRA	$-9
$0650	$0E33	    			MOVLW	51
$0652	$6E0B	    			MOVWF	STACK_11, 0
$0654	$0EFF	    			MOVLW	255
$0656	$6E0A	    			MOVWF	STACK_10, 0
$0658	$2E0B	    			DECFSZ	STACK_11, F, 0
$065A	$D001	    			BRA	$+2
$065C	$D003	    			BRA	$+4
$065E	$2E0A	    			DECFSZ	STACK_10, F, 0
$0660	$D7FE	    			BRA	$-1
$0662	$D7FA	    			BRA	$-5
$0664	$0E88	    			MOVLW	136
$0666	$6E0A	    			MOVWF	STACK_10, 0
$0668	$2E0A	    			DECFSZ	STACK_10, F, 0
$066A	$D7FE	    			BRA	$-1
$066C	$0000	    			NOP
$066E	$0000	    			NOP
;eeprom_menu.c,21 :: 			lcd_custom_cmd(lcd_clear);
$0670	$0E01	    			MOVLW	1
$0672	$6E5E	    			MOVWF	FARG_Lcd_Custom_Cmd+0, 0
$0674	$EC1C	F000			CALL	_Lcd_Custom_Cmd
;eeprom_menu.c,22 :: 			lcd_custom_out(1, 1, "WROTE");
$0678	$0E01	    			MOVLW	1
$067A	$6E58	    			MOVWF	FARG_Lcd_Custom_Out+0, 0
$067C	$0E01	    			MOVLW	1
$067E	$6E59	    			MOVWF	FARG_Lcd_Custom_Out+1, 0
$0680	$0E35	    			MOVLW	lstr6_eeprom_menu
$0682	$6E5A	    			MOVWF	FARG_Lcd_Custom_Out+2, 0
$0684	$0E00	    			MOVLW	@lstr6_eeprom_menu
$0686	$6E5B	    			MOVWF	FARG_Lcd_Custom_Out+3, 0
$0688	$EC9A	F000			CALL	_Lcd_Custom_Out
;eeprom_menu.c,23 :: 			delay_ms(1000);
$068C	$0E0B	    			MOVLW	11
$068E	$6E0C	    			MOVWF	STACK_12, 0
$0690	$0EFF	    			MOVLW	255
$0692	$6E0B	    			MOVWF	STACK_11, 0
$0694	$0EFF	    			MOVLW	255
$0696	$6E0A	    			MOVWF	STACK_10, 0
$0698	$2E0C	    			DECFSZ	STACK_12, F, 0
$069A	$D001	    			BRA	$+2
$069C	$D007	    			BRA	$+8
$069E	$2E0B	    			DECFSZ	STACK_11, F, 0
$06A0	$D001	    			BRA	$+2
$06A2	$D003	    			BRA	$+4
$06A4	$2E0A	    			DECFSZ	STACK_10, F, 0
$06A6	$D7FE	    			BRA	$-1
$06A8	$D7FA	    			BRA	$-5
$06AA	$D7F6	    			BRA	$-9
$06AC	$0E33	    			MOVLW	51
$06AE	$6E0B	    			MOVWF	STACK_11, 0
$06B0	$0EFF	    			MOVLW	255
$06B2	$6E0A	    			MOVWF	STACK_10, 0
$06B4	$2E0B	    			DECFSZ	STACK_11, F, 0
$06B6	$D001	    			BRA	$+2
$06B8	$D003	    			BRA	$+4
$06BA	$2E0A	    			DECFSZ	STACK_10, F, 0
$06BC	$D7FE	    			BRA	$-1
$06BE	$D7FA	    			BRA	$-5
$06C0	$0E88	    			MOVLW	136
$06C2	$6E0A	    			MOVWF	STACK_10, 0
$06C4	$2E0A	    			DECFSZ	STACK_10, F, 0
$06C6	$D7FE	    			BRA	$-1
$06C8	$0000	    			NOP
$06CA	$0000	    			NOP
;eeprom_menu.c,24 :: 			mainMenu();
$06CC	$ECE4	F000			CALL	_mainMenu
;eeprom_menu.c,25 :: 			}
$06D0	$0012	    			RETURN
$06D2	$	_deleting:
$06D2	$0E44	    			MOVLW	68
$06D4	$6E21	    			MOVWF	lstr7_eeprom_menu+0, 0
$06D6	$0E45	    			MOVLW	69
$06D8	$6E22	    			MOVWF	lstr7_eeprom_menu+1, 0
$06DA	$0E4C	    			MOVLW	76
$06DC	$6E23	    			MOVWF	lstr7_eeprom_menu+2, 0
$06DE	$0E45	    			MOVLW	69
$06E0	$6E24	    			MOVWF	lstr7_eeprom_menu+3, 0
$06E2	$0E54	    			MOVLW	84
$06E4	$6E25	    			MOVWF	lstr7_eeprom_menu+4, 0
$06E6	$0E49	    			MOVLW	73
$06E8	$6E26	    			MOVWF	lstr7_eeprom_menu+5, 0
$06EA	$0E4E	    			MOVLW	78
$06EC	$6E27	    			MOVWF	lstr7_eeprom_menu+6, 0
$06EE	$0E47	    			MOVLW	71
$06F0	$6E28	    			MOVWF	lstr7_eeprom_menu+7, 0
$06F2	$0E20	    			MOVLW	32
$06F4	$6E29	    			MOVWF	lstr7_eeprom_menu+8, 0
$06F6	$0E45	    			MOVLW	69
$06F8	$6E2A	    			MOVWF	lstr7_eeprom_menu+9, 0
$06FA	$0E45	    			MOVLW	69
$06FC	$6E2B	    			MOVWF	lstr7_eeprom_menu+10, 0
$06FE	$0E50	    			MOVLW	80
$0700	$6E2C	    			MOVWF	lstr7_eeprom_menu+11, 0
$0702	$0E52	    			MOVLW	82
$0704	$6E2D	    			MOVWF	lstr7_eeprom_menu+12, 0
$0706	$0E4F	    			MOVLW	79
$0708	$6E2E	    			MOVWF	lstr7_eeprom_menu+13, 0
$070A	$0E4D	    			MOVLW	77
$070C	$6E2F	    			MOVWF	lstr7_eeprom_menu+14, 0
$070E	$6A30	    			CLRF	lstr7_eeprom_menu+15, 0
$0710	$0E56	    			MOVLW	86
$0712	$6E31	    			MOVWF	lstr8_eeprom_menu+0, 0
$0714	$0E4F	    			MOVLW	79
$0716	$6E32	    			MOVWF	lstr8_eeprom_menu+1, 0
$0718	$0E49	    			MOVLW	73
$071A	$6E33	    			MOVWF	lstr8_eeprom_menu+2, 0
$071C	$0E44	    			MOVLW	68
$071E	$6E34	    			MOVWF	lstr8_eeprom_menu+3, 0
$0720	$6A35	    			CLRF	lstr8_eeprom_menu+4, 0
$0722	$0E44	    			MOVLW	68
$0724	$6E36	    			MOVWF	lstr9_eeprom_menu+0, 0
$0726	$0E45	    			MOVLW	69
$0728	$6E37	    			MOVWF	lstr9_eeprom_menu+1, 0
$072A	$0E4C	    			MOVLW	76
$072C	$6E38	    			MOVWF	lstr9_eeprom_menu+2, 0
$072E	$0E45	    			MOVLW	69
$0730	$6E39	    			MOVWF	lstr9_eeprom_menu+3, 0
$0732	$0E54	    			MOVLW	84
$0734	$6E3A	    			MOVWF	lstr9_eeprom_menu+4, 0
$0736	$0E45	    			MOVLW	69
$0738	$6E3B	    			MOVWF	lstr9_eeprom_menu+5, 0
$073A	$0E44	    			MOVLW	68
$073C	$6E3C	    			MOVWF	lstr9_eeprom_menu+6, 0
$073E	$6A3D	    			CLRF	lstr9_eeprom_menu+7, 0
;eeprom_menu.c,26 :: 			void deleting (void) {
;eeprom_menu.c,27 :: 			lcd_custom_cmd(lcd_clear);
$0740	$0E01	    			MOVLW	1
$0742	$6E5E	    			MOVWF	FARG_Lcd_Custom_Cmd+0, 0
$0744	$EC1C	F000			CALL	_Lcd_Custom_Cmd
;eeprom_menu.c,28 :: 			lcd_custom_out(1, 1, "DELETING EEPROM");
$0748	$0E01	    			MOVLW	1
$074A	$6E58	    			MOVWF	FARG_Lcd_Custom_Out+0, 0
$074C	$0E01	    			MOVLW	1
$074E	$6E59	    			MOVWF	FARG_Lcd_Custom_Out+1, 0
$0750	$0E21	    			MOVLW	lstr7_eeprom_menu
$0752	$6E5A	    			MOVWF	FARG_Lcd_Custom_Out+2, 0
$0754	$0E00	    			MOVLW	@lstr7_eeprom_menu
$0756	$6E5B	    			MOVWF	FARG_Lcd_Custom_Out+3, 0
$0758	$EC9A	F000			CALL	_Lcd_Custom_Out
;eeprom_menu.c,29 :: 			eeprom_write(0x69, "VOID");
$075C	$0E69	    			MOVLW	105
$075E	$6E3E	    			MOVWF	FARG_Eeprom_Write+0, 0
$0760	$0E31	    			MOVLW	lstr8_eeprom_menu
$0762	$6E3F	    			MOVWF	FARG_Eeprom_Write+1, 0
$0764	$EC2F	F001			CALL	_Eeprom_Write
;eeprom_menu.c,30 :: 			delay_ms(1000);
$0768	$0E0B	    			MOVLW	11
$076A	$6E0C	    			MOVWF	STACK_12, 0
$076C	$0EFF	    			MOVLW	255
$076E	$6E0B	    			MOVWF	STACK_11, 0
$0770	$0EFF	    			MOVLW	255
$0772	$6E0A	    			MOVWF	STACK_10, 0
$0774	$2E0C	    			DECFSZ	STACK_12, F, 0
$0776	$D001	    			BRA	$+2
$0778	$D007	    			BRA	$+8
$077A	$2E0B	    			DECFSZ	STACK_11, F, 0
$077C	$D001	    			BRA	$+2
$077E	$D003	    			BRA	$+4
$0780	$2E0A	    			DECFSZ	STACK_10, F, 0
$0782	$D7FE	    			BRA	$-1
$0784	$D7FA	    			BRA	$-5
$0786	$D7F6	    			BRA	$-9
$0788	$0E33	    			MOVLW	51
$078A	$6E0B	    			MOVWF	STACK_11, 0
$078C	$0EFF	    			MOVLW	255
$078E	$6E0A	    			MOVWF	STACK_10, 0
$0790	$2E0B	    			DECFSZ	STACK_11, F, 0
$0792	$D001	    			BRA	$+2
$0794	$D003	    			BRA	$+4
$0796	$2E0A	    			DECFSZ	STACK_10, F, 0
$0798	$D7FE	    			BRA	$-1
$079A	$D7FA	    			BRA	$-5
$079C	$0E88	    			MOVLW	136
$079E	$6E0A	    			MOVWF	STACK_10, 0
$07A0	$2E0A	    			DECFSZ	STACK_10, F, 0
$07A2	$D7FE	    			BRA	$-1
$07A4	$0000	    			NOP
$07A6	$0000	    			NOP
;eeprom_menu.c,31 :: 			lcd_custom_cmd(lcd_clear);
$07A8	$0E01	    			MOVLW	1
$07AA	$6E5E	    			MOVWF	FARG_Lcd_Custom_Cmd+0, 0
$07AC	$EC1C	F000			CALL	_Lcd_Custom_Cmd
;eeprom_menu.c,32 :: 			lcd_custom_out(1, 1, "DELETED");
$07B0	$0E01	    			MOVLW	1
$07B2	$6E58	    			MOVWF	FARG_Lcd_Custom_Out+0, 0
$07B4	$0E01	    			MOVLW	1
$07B6	$6E59	    			MOVWF	FARG_Lcd_Custom_Out+1, 0
$07B8	$0E36	    			MOVLW	lstr9_eeprom_menu
$07BA	$6E5A	    			MOVWF	FARG_Lcd_Custom_Out+2, 0
$07BC	$0E00	    			MOVLW	@lstr9_eeprom_menu
$07BE	$6E5B	    			MOVWF	FARG_Lcd_Custom_Out+3, 0
$07C0	$EC9A	F000			CALL	_Lcd_Custom_Out
;eeprom_menu.c,33 :: 			delay_ms(2000);
$07C4	$0E15	    			MOVLW	21
$07C6	$6E0C	    			MOVWF	STACK_12, 0
$07C8	$0EFF	    			MOVLW	255
$07CA	$6E0B	    			MOVWF	STACK_11, 0
$07CC	$0EFF	    			MOVLW	255
$07CE	$6E0A	    			MOVWF	STACK_10, 0
$07D0	$2E0C	    			DECFSZ	STACK_12, F, 0
$07D2	$D001	    			BRA	$+2
$07D4	$D007	    			BRA	$+8
$07D6	$2E0B	    			DECFSZ	STACK_11, F, 0
$07D8	$D001	    			BRA	$+2
$07DA	$D003	    			BRA	$+4
$07DC	$2E0A	    			DECFSZ	STACK_10, F, 0
$07DE	$D7FE	    			BRA	$-1
$07E0	$D7FA	    			BRA	$-5
$07E2	$D7F6	    			BRA	$-9
$07E4	$0E66	    			MOVLW	102
$07E6	$6E0B	    			MOVWF	STACK_11, 0
$07E8	$0EFF	    			MOVLW	255
$07EA	$6E0A	    			MOVWF	STACK_10, 0
$07EC	$2E0B	    			DECFSZ	STACK_11, F, 0
$07EE	$D001	    			BRA	$+2
$07F0	$D003	    			BRA	$+4
$07F2	$2E0A	    			DECFSZ	STACK_10, F, 0
$07F4	$D7FE	    			BRA	$-1
$07F6	$D7FA	    			BRA	$-5
$07F8	$0E13	    			MOVLW	19
$07FA	$6E0A	    			MOVWF	STACK_10, 0
$07FC	$2E0A	    			DECFSZ	STACK_10, F, 0
$07FE	$D7FE	    			BRA	$-1
;eeprom_menu.c,34 :: 			mainMenu();
$0800	$ECE4	F000			CALL	_mainMenu
;eeprom_menu.c,35 :: 			}
$0804	$0012	    			RETURN
$0806	$	_main:
;eeprom_menu.c,36 :: 			void main () {
;eeprom_menu.c,37 :: 			ADCON1 = 0x06;
$0806	$0E06	    			MOVLW	6
$0808	$6EC1	    			MOVWF	ADCON1, 0
;eeprom_menu.c,38 :: 			trise = 0;
$080A	$6A96	    			CLRF	TRISE, 0
;eeprom_menu.c,39 :: 			trisd = 0;
$080C	$6A95	    			CLRF	TRISD, 0
;eeprom_menu.c,40 :: 			portb = 1;
$080E	$0E01	    			MOVLW	1
$0810	$6E81	    			MOVWF	PORTB, 0
;eeprom_menu.c,44 :: 			lcd_custom_config(&portd, 7, 6, 5, 4, &porte, 2, 0, 1);
$0812	$0E83	    			MOVLW	PORTD
$0814	$6E21	    			MOVWF	FARG_Lcd_Custom_Config+0, 0
$0816	$0E0F	    			MOVLW	@PORTD
$0818	$6E22	    			MOVWF	FARG_Lcd_Custom_Config+1, 0
$081A	$0E07	    			MOVLW	7
$081C	$6E23	    			MOVWF	FARG_Lcd_Custom_Config+2, 0
$081E	$0E06	    			MOVLW	6
$0820	$6E24	    			MOVWF	FARG_Lcd_Custom_Config+3, 0
$0822	$0E05	    			MOVLW	5
$0824	$6E25	    			MOVWF	FARG_Lcd_Custom_Config+4, 0
$0826	$0E04	    			MOVLW	4
$0828	$6E26	    			MOVWF	FARG_Lcd_Custom_Config+5, 0
$082A	$0E84	    			MOVLW	PORTE
$082C	$6E27	    			MOVWF	FARG_Lcd_Custom_Config+6, 0
$082E	$0E0F	    			MOVLW	@PORTE
$0830	$6E28	    			MOVWF	FARG_Lcd_Custom_Config+7, 0
$0832	$0E02	    			MOVLW	2
$0834	$6E29	    			MOVWF	FARG_Lcd_Custom_Config+8, 0
$0836	$6A2A	    			CLRF	FARG_Lcd_Custom_Config+9, 0
$0838	$0E01	    			MOVLW	1
$083A	$6E2B	    			MOVWF	FARG_Lcd_Custom_Config+10, 0
$083C	$EC43	F001			CALL	_Lcd_Custom_Config
;eeprom_menu.c,45 :: 			lcd_custom_cmd(lcd_clear);
$0840	$0E01	    			MOVLW	1
$0842	$6E5E	    			MOVWF	FARG_Lcd_Custom_Cmd+0, 0
$0844	$EC1C	F000			CALL	_Lcd_Custom_Cmd
;eeprom_menu.c,46 :: 			lcd_custom_cmd(lcd_cursor_off);
$0848	$0E0C	    			MOVLW	12
$084A	$6E5E	    			MOVWF	FARG_Lcd_Custom_Cmd+0, 0
$084C	$EC1C	F000			CALL	_Lcd_Custom_Cmd
;eeprom_menu.c,47 :: 			mainMenu();
$0850	$ECE4	F000			CALL	_mainMenu
;eeprom_menu.c,48 :: 			do {
$0854	$	L_main_0:
;eeprom_menu.c,49 :: 			if (portb.rb0 == 0) {
$0854	$0E01	    			MOVLW	1
$0856	$1481	    			ANDWF	PORTB, 0, 0
$0858	$6E01	    			MOVWF	STACK_1, 0
$085A	$5001	    			MOVF	STACK_1, 0, 0
$085C	$0A00	    			XORLW	0
$085E	$E102	    			BNZ	L_main_2
;eeprom_menu.c,50 :: 			reading();
$0860	$EC55	F002			CALL	_reading
;eeprom_menu.c,51 :: 			}
$0864	$	L_main_2:
;eeprom_menu.c,52 :: 			if (portb.rb1 == 0) {
$0864	$6A01	    			CLRF	STACK_1, 0
$0866	$B281	    			BTFSC	PORTB, 1, 0
$0868	$2A01	    			INCF	STACK_1, 1, 0
$086A	$5001	    			MOVF	STACK_1, 0, 0
$086C	$0A00	    			XORLW	0
$086E	$E102	    			BNZ	L_main_3
;eeprom_menu.c,53 :: 			writing();
$0870	$ECD3	F002			CALL	_writing
;eeprom_menu.c,54 :: 			}
$0874	$	L_main_3:
;eeprom_menu.c,55 :: 			if (portb.rb2 == 0) {
$0874	$6A01	    			CLRF	STACK_1, 0
$0876	$B481	    			BTFSC	PORTB, 2, 0
$0878	$2A01	    			INCF	STACK_1, 1, 0
$087A	$5001	    			MOVF	STACK_1, 0, 0
$087C	$0A00	    			XORLW	0
$087E	$E102	    			BNZ	L_main_4
;eeprom_menu.c,56 :: 			deleting();
$0880	$EC69	F003			CALL	_deleting
;eeprom_menu.c,57 :: 			}
$0884	$	L_main_4:
;eeprom_menu.c,58 :: 			} while(1);
$0884	$D7E7	    			BRA	L_main_0
;eeprom_menu.c,59 :: 			}
$0886	$D7FF	    			BRA	$


//** Procedures locations **
//ADDRESS		PROCEDURE
//----------------------------------------------
$0008		Delay_1us
$000E		Delay_5500us
$002E		Delay_50us
$0038		Lcd_Custom_Cmd
$0124		Lcd_Custom_Chr_CP
$0134		Lcd_Custom_Out
$01B8		Eeprom_Read
$01C8		mainMenu
$025E		Eeprom_Write
$0286		Lcd_Custom_Config
$04AA		reading
$05A6		writing
$06D2		deleting
$0806		main


//** Labels locations **
//ADDRESS		LABEL
//----------------------------------------------
$0008		_Delay_1us:
$000E		_Delay_5500us:
$002E		_Delay_50us:
$0038		_Lcd_Custom_Cmd:
$0074		L_Lcd_Custom_Cmd_0:
$007C		L_Lcd_Custom_Cmd_1:
$0084		L_Lcd_Custom_Cmd_2:
$008C		L_Lcd_Custom_Cmd_3:
$009A		L_Lcd_Custom_Cmd_4:
$009E		L_Lcd_Custom_Cmd_5:
$00DA		L_Lcd_Custom_Cmd_6:
$00E2		L_Lcd_Custom_Cmd_7:
$00EA		L_Lcd_Custom_Cmd_8:
$00F2		L_Lcd_Custom_Cmd_9:
$0100		L_Lcd_Custom_Cmd_10:
$0104		L_Lcd_Custom_Cmd_11:
$011E		L_Lcd_Custom_Cmd_12:
$0122		L_Lcd_Custom_Cmd_13:
$0124		_Lcd_Custom_Chr_CP:
$0134		_Lcd_Custom_Out:
$0136		L_Lcd_Custom_Out_25:
$013C		L_Lcd_Custom_Out_26:
$0142		L_Lcd_Custom_Out_27:
$0148		L_Lcd_Custom_Out_28:
$014E		L_Lcd_Custom_Out_29:
$0154		L_Lcd_Custom_Out_23:
$016E		L_Lcd_Custom_Out_24:
$0186		L_Lcd_Custom_Out_30:
$01B2		L_Lcd_Custom_Out_31:
$01B8		_Eeprom_Read:
$01C8		_mainMenu:
$025E		_Eeprom_Write:
$0260		L_Eeprom_Write_0:
$0268		L_Eeprom_Write_1:
$0286		_Lcd_Custom_Config:
$029C		L_Lcd_Custom_Config_32:
$02A6		L_Lcd_Custom_Config_33:
$02B4		L_Lcd_Custom_Config_34:
$02BE		L_Lcd_Custom_Config_35:
$02CC		L_Lcd_Custom_Config_36:
$02D6		L_Lcd_Custom_Config_37:
$02E4		L_Lcd_Custom_Config_38:
$02EE		L_Lcd_Custom_Config_39:
$02FC		L_Lcd_Custom_Config_40:
$0306		L_Lcd_Custom_Config_41:
$0314		L_Lcd_Custom_Config_42:
$031E		L_Lcd_Custom_Config_43:
$032C		L_Lcd_Custom_Config_44:
$0336		L_Lcd_Custom_Config_45:
$04AA		_reading:
$05A6		_writing:
$06D2		_deleting:
$0806		_main:
$0854		L_main_0:
$0864		L_main_2:
$0874		L_main_3:
$0884		L_main_4:


//** Variables locations **
//ADDRESS		VARIABLE
//----------------------------------------------
$0000		STACK_0
$0001		STACK_1
$0002		STACK_2
$0003		STACK_3
$0004		STACK_4
$0005		STACK_5
$0006		STACK_6
$0007		STACK_7
$0008		STACK_8
$0009		STACK_9
$000A		STACK_10
$000B		STACK_11
$000C		STACK_12
$000D		STACK_13
$000E		STACK_14
$000F		STACK_15
$0010		STACK_16
$0011		STACK_17
$0012		STACK_18
$0013		STACK_19
$0014		STACK_20
$0015		Lcd_Custom_dataport_address
$0017		Lcd_Custom_ctrlport_address
$0019		Lcd_Custom____mRS
$001A		Lcd_Custom____mRW
$001B		Lcd_Custom____mENABLE
$001C		Lcd_Custom____mDB7
$001D		Lcd_Custom____mDB6
$001E		Lcd_Custom____mDB5
$001F		Lcd_Custom____mDB4
$0020		Lcd_Custom_lcdcmd_status
$0021		FARG_Lcd_Custom_Config+0
$0021		lstr3_eeprom_menu
$0021		lstr4_eeprom_menu
$0021		lstr7_eeprom_menu
$0023		FARG_Lcd_Custom_Config+2
$0024		FARG_Lcd_Custom_Config+3
$0025		FARG_Lcd_Custom_Config+4
$0026		FARG_Lcd_Custom_Config+5
$0027		FARG_Lcd_Custom_Config+6
$0029		FARG_Lcd_Custom_Config+8
$002A		FARG_Lcd_Custom_Config+9
$002B		FARG_Lcd_Custom_Config+10
$0030		lstr5_eeprom_menu
$0031		lstr8_eeprom_menu
$0035		lstr6_eeprom_menu
$0036		lstr9_eeprom_menu
$003E		FARG_Eeprom_Read+0
$003E		FARG_Eeprom_Write+0
$003E		lstr1_eeprom_menu
$003F		FARG_Eeprom_Write+1
$004E		lstr2_eeprom_menu
$0058		FARG_Lcd_Custom_Out+0
$0059		FARG_Lcd_Custom_Out+1
$005A		FARG_Lcd_Custom_Out+2
$005C		Lcd_Custom_Out_i_L0
$005D		FARG_Lcd_Custom_Chr_CP+0
$005E		FARG_Lcd_Custom_Cmd+0
$0F81		PORTB
$0F83		PORTD
$0F84		PORTE
$0F95		TRISD
$0F96		TRISE
$0FA6		EECON1
$0FA7		EECON2
$0FA8		EEDATA
$0FA9		EEADR
$0FC1		ADCON1
$0FD8		STATUS
$0FD9		FSR2L
$0FDA		FSR2H
$0FDB		PLUSW2
$0FDC		PREINC2
$0FDD		POSTDEC2
$0FDE		POSTINC2
$0FDF		INDF2
$0FE0		BSR
$0FE1		FSR1L
$0FE2		FSR1H
$0FE3		PLUSW1
$0FE4		PREINC1
$0FE5		POSTDEC1
$0FE6		POSTINC1
$0FE7		INDF1
$0FE8		WREG
$0FE9		FSR0L
$0FEA		FSR0H
$0FEB		PLUSW0
$0FEC		PREINC0
$0FED		POSTDEC0
$0FEE		POSTINC0
$0FEF		INDF0
$0FF2		INTCON
$0FF3		PRODL
$0FF4		PRODH
$0FF5		TABLAT
$0FF6		TBLPTRL
$0FF7		TBLPTRH
$0FF8		TBLPTRU
$0FF9		PCL
$0FFA		PCLATH
$0FFB		PCLATU
$0FFD		TOSL
$0FFE		TOSH
$0FFF		TOSU


