;  ASM code generated by mikroVirtualMachine for PIC - V. 7.0.0.3
;  Date/Time: 29/05/2017 08:32:11
;  Info: http://www.mikroelektronika.co.yu


; ADDRESS	OPCODE	ASM
; ----------------------------------------------
$0000	$EF04	F000			GOTO	_main
$0008	$	_main:
;push.c,1 :: 			void main(){
;push.c,2 :: 			trisb.rb1 = 1;
$0008	$8293	    			BSF	TRISB, 1, 0
;push.c,3 :: 			trisb.rb5 = 0;
$000A	$9A93	    			BCF	TRISB, 5, 0
;push.c,4 :: 			trisb.rb6 = 0;
$000C	$9C93	    			BCF	TRISB, 6, 0
;push.c,6 :: 			while (1) {
$000E	$	L_main_0:
;push.c,7 :: 			if(portb.rb1 == 0) {
$000E	$6A01	    			CLRF	STACK_1, 0
$0010	$B281	    			BTFSC	PORTB, 1, 0
$0012	$2A01	    			INCF	STACK_1, 1, 0
$0014	$5001	    			MOVF	STACK_1, 0, 0
$0016	$0A00	    			XORLW	0
$0018	$E10B	    			BNZ	L_main_2
;push.c,8 :: 			portb.rb5 = portb.rb6 = 1;
$001A	$8C81	    			BSF	PORTB, 6, 0
$001C	$6A01	    			CLRF	STACK_1, 0
$001E	$BC81	    			BTFSC	PORTB, 6, 0
$0020	$2A01	    			INCF	STACK_1, 1, 0
$0022	$0E00	    			MOVLW	0
$0024	$B001	    			BTFSC	STACK_1, 0, 0
$0026	$0E20	    			MOVLW	32
$0028	$1881	    			XORWF	PORTB, 0, 0
$002A	$0B20	    			ANDLW	32
$002C	$1A81	    			XORWF	PORTB, 1, 0
;push.c,9 :: 			} else {
$002E	$D00A	    			BRA	L_main_3
$0030	$	L_main_2:
;push.c,10 :: 			portb.rb5 = portb.rb6 = 0;
$0030	$9C81	    			BCF	PORTB, 6, 0
$0032	$6A01	    			CLRF	STACK_1, 0
$0034	$BC81	    			BTFSC	PORTB, 6, 0
$0036	$2A01	    			INCF	STACK_1, 1, 0
$0038	$0E00	    			MOVLW	0
$003A	$B001	    			BTFSC	STACK_1, 0, 0
$003C	$0E20	    			MOVLW	32
$003E	$1881	    			XORWF	PORTB, 0, 0
$0040	$0B20	    			ANDLW	32
$0042	$1A81	    			XORWF	PORTB, 1, 0
;push.c,11 :: 			}
$0044	$	L_main_3:
;push.c,12 :: 			}
$0044	$D7E4	    			BRA	L_main_0
;push.c,13 :: 			}
$0046	$D7FF	    			BRA	$


//** Procedures locations **
//ADDRESS		PROCEDURE
//----------------------------------------------
$0008		main


//** Labels locations **
//ADDRESS		LABEL
//----------------------------------------------
$0008		_main:
$000E		L_main_0:
$0030		L_main_2:
$0044		L_main_3:


//** Variables locations **
//ADDRESS		VARIABLE
//----------------------------------------------
$0000		STACK_0
$0001		STACK_1
$0002		STACK_2
$0003		STACK_3
$0004		STACK_4
$0005		STACK_5
$0006		STACK_6
$0007		STACK_7
$0008		STACK_8
$0009		STACK_9
$000A		STACK_10
$000B		STACK_11
$000C		STACK_12
$000D		STACK_13
$000E		STACK_14
$000F		STACK_15
$0010		STACK_16
$0011		STACK_17
$0012		STACK_18
$0013		STACK_19
$0014		STACK_20
$0F81		PORTB
$0F93		TRISB
$0FD8		STATUS
$0FD9		FSR2L
$0FDA		FSR2H
$0FDB		PLUSW2
$0FDC		PREINC2
$0FDD		POSTDEC2
$0FDE		POSTINC2
$0FDF		INDF2
$0FE0		BSR
$0FE1		FSR1L
$0FE2		FSR1H
$0FE3		PLUSW1
$0FE4		PREINC1
$0FE5		POSTDEC1
$0FE6		POSTINC1
$0FE7		INDF1
$0FE8		WREG
$0FE9		FSR0L
$0FEA		FSR0H
$0FEB		PLUSW0
$0FEC		PREINC0
$0FED		POSTDEC0
$0FEE		POSTINC0
$0FEF		INDF0
$0FF3		PRODL
$0FF4		PRODH
$0FF5		TABLAT
$0FF6		TBLPTRL
$0FF7		TBLPTRH
$0FF8		TBLPTRU
$0FF9		PCL
$0FFA		PCLATH
$0FFB		PCLATU
$0FFD		TOSL
$0FFE		TOSH
$0FFF		TOSU


